<?xml version="1.0" encoding="UTF-8"?>
<!-- Generated by org.testng.reporters.JUnitReportReporter -->
<testsuite skipped="0" hostname="DESKTOP-LQNIR2V" name="com.training.sanity.tests.RETC_51_PropertyDetailsInTrash" tests="1" failures="0" timestamp="2019-09-18T14:00:53 IST" time="50.500" errors="0">
  <testcase name="validLoginTest" time="50.500" classname="com.training.sanity.tests.RETC_51_PropertyDetailsInTrash"/>
</testsuite> <!-- com.training.sanity.tests.RETC_51_PropertyDetailsInTrash -->
