<?xml version="1.0" encoding="UTF-8"?>
<!-- Generated by org.testng.reporters.JUnitReportReporter -->
<testsuite skipped="0" hostname="DESKTOP-LQNIR2V" name="com.training.sanity.tests.LoginTests" tests="1" failures="0" timestamp="2019-09-18T11:50:24 IST" time="26.016" errors="0">
  <testcase name="validLoginTest" time="26.016" classname="com.training.sanity.tests.LoginTests"/>
</testsuite> <!-- com.training.sanity.tests.LoginTests -->
